2025-12-11 16:31:56,932 [WARNING] (trapped) error reading bcrypt version
Traceback (most recent call last):
  File "C:\Users\manix\QuoteMeApp\.venv\Lib\site-packages\passlib\handlers\bcrypt.py", line 620, in _load_backend_mixin
    version = _bcrypt.__about__.__version__
              ^^^^^^^^^^^^^^^^^
AttributeError: module 'bcrypt' has no attribute '__about__'
2025-12-11 16:38:09,708 [INFO] Admin 'admin' created with default password.
2025-12-11 19:10:23,040 [WARNING] Failed login attempt for admin Ruva.
2025-12-11 19:10:23,041 [ERROR] Login error: 401: Invalid credentials
2025-12-11 19:10:51,932 [WARNING] Failed login attempt for admin Ruva.
2025-12-11 19:10:51,933 [ERROR] Login error: 401: Invalid credentials
2025-12-11 19:14:59,111 [WARNING] Failed login attempt for admin Ruva.
2025-12-11 19:15:24,596 [WARNING] Failed login attempt for admin Ruva.
2025-12-11 19:19:37,103 [INFO] Admin 'Ruva' created with password 'Ruva123$'.
2025-12-11 19:19:57,183 [INFO] Admin Ruva logged in successfully.
2025-12-11 19:43:51,238 [INFO] Admin 'Ruva' logged in successfully.
2025-12-11 20:06:36,532 [INFO] Image uploaded by admin Ruva: Kunene DoringKloof.jpg
2025-12-11 20:06:58,454 [INFO] Quote added by admin: Ruva
2025-12-11 20:22:54,950 [INFO] Image uploaded by admin Ruva: QuoteMe Logo.jpg
2025-12-11 20:22:54,994 [INFO] Quote added by admin: Ruva
2025-12-11 20:47:31,400 [INFO] Admin 'Ruva' logged in successfully.
2025-12-11 20:48:50,870 [INFO] Admin 'Ruva' logged in successfully.
2025-12-11 20:49:11,506 [INFO] Image uploaded by admin Ruva: QuoteMe Logo.jpg
2025-12-11 21:46:26,064 [INFO] Admin 'Ruva' logged in successfully.
2025-12-11 21:59:39,818 [INFO] Admin 'Ruva' logged in successfully.
2025-12-11 22:31:08,343 [INFO] Admin 'Ruva' logged in successfully.
2025-12-11 22:38:18,616 [INFO] Admin 'Ruva' logged in successfully.
2025-12-11 22:38:18,693 [INFO] Admin 'Ruva' logged in successfully.
2025-12-11 22:56:45,409 [INFO] Admin 'Ruva' logged in successfully.
2025-12-11 23:25:50,190 [INFO] Image uploaded by admin Ruva: Kunene DoringKloof.jpg
2025-12-12 08:13:12,520 [INFO] Admin 'Ruva' logged in successfully.
2025-12-12 08:13:54,784 [INFO] Image uploaded by admin Ruva: Tarie.jpg
2025-12-14 13:06:21,673 [INFO] Admin 'Ruva' logged in successfully.
2025-12-14 14:49:37,224 [INFO] Admin 'Ruva' logged in successfully.
2025-12-14 18:28:36,278 [INFO] Blog ID 1 deleted by admin Ruva
2025-12-14 18:51:03,237 [INFO] Image uploaded by admin Ruva: QuoteMe herself.jpeg
2025-12-14 18:57:23,498 [INFO] Admin 'Ruva' logged in successfully.
2025-12-14 19:38:42,728 [INFO] Admin 'Ruva' logged in successfully.
2025-12-14 19:39:47,019 [INFO] Admin 'Ruva' logged in successfully.
2025-12-14 19:43:50,046 [INFO] Image uploaded by admin Ruva: Chengetai Image.jpg
2025-12-14 20:58:57,363 [INFO] Image uploaded by admin Ruva: Chengetai Image.jpg
2025-12-14 21:00:03,574 [INFO] Image uploaded by admin Ruva: Chengetai Image.jpg
2025-12-14 21:00:35,618 [INFO] Image uploaded by admin Ruva: Chengetai Image.jpg
2025-12-14 21:01:00,728 [INFO] Image uploaded by admin Ruva: Chengetai Image.jpg
2025-12-15 16:33:07,995 [INFO] Image uploaded by admin Ruva: Chengetai Image.jpg
2025-12-15 16:33:37,224 [INFO] Image uploaded by admin Ruva: Chengetai Image.jpg
2025-12-15 16:33:48,662 [INFO] Image uploaded by admin Ruva: Chengetai Image.jpg
2025-12-15 16:33:55,149 [INFO] Image uploaded by admin Ruva: Chengetai Image.jpg
2025-12-15 16:34:19,518 [INFO] Image uploaded by admin Ruva: Chengetai Image.jpg
2025-12-15 16:34:45,122 [INFO] Image uploaded by admin Ruva: Tarie.jpg
2025-12-17 19:01:51,657 [INFO] Admin 'Ruva' logged in successfully.
2025-12-17 19:02:35,357 [INFO] Blog ID 3 deleted by admin Ruva
2026-04-20 06:49:31,639 [INFO] Admin 'Ruva' logged in successfully.
2026-04-20 15:10:02,485 [INFO] Admin 'Ruva' changed username to 'Ruvarashe'.
2026-04-20 16:23:28,370 [ERROR] Form data requires "python-multipart" to be installed. 
You can install "python-multipart" with: 

pip install python-multipart

2026-04-20 19:03:48,783 [ERROR] Form data requires "python-multipart" to be installed. 
You can install "python-multipart" with: 

pip install python-multipart

2026-04-20 19:05:37,726 [ERROR] Unexpected login error for admin 'Ruvarashe': bcrypt: no backends available -- recommend you install one (e.g. 'pip install bcrypt')
2026-04-20 19:05:39,011 [ERROR] Unexpected login error for admin 'Ruvarashe': bcrypt: no backends available -- recommend you install one (e.g. 'pip install bcrypt')
2026-04-20 19:05:43,428 [ERROR] Unexpected login error for admin 'Ruvarashe': bcrypt: no backends available -- recommend you install one (e.g. 'pip install bcrypt')
2026-04-20 19:06:15,356 [ERROR] Unexpected login error for admin 'Ruvarashe': bcrypt: no backends available -- recommend you install one (e.g. 'pip install bcrypt')
2026-04-20 19:08:45,490 [WARNING] (trapped) error reading bcrypt version
Traceback (most recent call last):
  File "c:\Users\manix\QuoteMeApp\.venv\Lib\site-packages\passlib\handlers\bcrypt.py", line 620, in _load_backend_mixin
    version = _bcrypt.__about__.__version__
              ^^^^^^^^^^^^^^^^^
AttributeError: module 'bcrypt' has no attribute '__about__'
2026-04-20 19:08:45,496 [ERROR] Unexpected login error for admin 'Ruvarashe': password cannot be longer than 72 bytes, truncate manually if necessary (e.g. my_password[:72])
2026-04-20 19:31:18,382 [WARNING] (trapped) error reading bcrypt version
Traceback (most recent call last):
  File "c:\Users\manix\QuoteMeApp\.venv\Lib\site-packages\passlib\handlers\bcrypt.py", line 620, in _load_backend_mixin
    version = _bcrypt.__about__.__version__
              ^^^^^^^^^^^^^^^^^
AttributeError: module 'bcrypt' has no attribute '__about__'
2026-04-20 19:31:18,401 [ERROR] Unexpected login error for admin 'Ruvarashe': password cannot be longer than 72 bytes, truncate manually if necessary (e.g. my_password[:72])
2026-04-20 19:31:40,860 [WARNING] (trapped) error reading bcrypt version
Traceback (most recent call last):
  File "c:\Users\manix\QuoteMeApp\.venv\Lib\site-packages\passlib\handlers\bcrypt.py", line 620, in _load_backend_mixin
    version = _bcrypt.__about__.__version__
              ^^^^^^^^^^^^^^^^^
AttributeError: module 'bcrypt' has no attribute '__about__'
2026-04-20 19:31:40,866 [ERROR] Unexpected login error for admin 'Ruvarashe': password cannot be longer than 72 bytes, truncate manually if necessary (e.g. my_password[:72])
2026-04-20 19:37:08,128 [ERROR] Unexpected login error for admin 'Ruvarashe': module 'jwt' has no attribute 'encode'
2026-04-20 19:40:50,291 [INFO] Admin 'Ruvarashe' logged in successfully.
2026-04-20 19:42:33,837 [INFO] Quote added by admin: Ruvarashe
2026-04-20 22:31:05,027 [WARNING] (trapped) error reading bcrypt version
Traceback (most recent call last):
  File "c:\Users\manix\QuoteMeApp\QuoteMeApp\.venv\Lib\site-packages\passlib\handlers\bcrypt.py", line 620, in _load_backend_mixin
    version = _bcrypt.__about__.__version__
              ^^^^^^^^^^^^^^^^^
AttributeError: module 'bcrypt' has no attribute '__about__'
2026-04-20 22:31:05,035 [ERROR] Unexpected login error for admin 'Ruvarashe': password cannot be longer than 72 bytes, truncate manually if necessary (e.g. my_password[:72])
2026-04-20 22:31:05,845 [WARNING] (trapped) error reading bcrypt version
Traceback (most recent call last):
  File "c:\Users\manix\QuoteMeApp\QuoteMeApp\.venv\Lib\site-packages\passlib\handlers\bcrypt.py", line 620, in _load_backend_mixin
    version = _bcrypt.__about__.__version__
              ^^^^^^^^^^^^^^^^^
AttributeError: module 'bcrypt' has no attribute '__about__'
2026-04-20 22:31:05,853 [ERROR] Unexpected login error for admin 'Ruvarashe': password cannot be longer than 72 bytes, truncate manually if necessary (e.g. my_password[:72])
2026-04-20 22:39:22,289 [WARNING] (trapped) error reading bcrypt version
Traceback (most recent call last):
  File "c:\Users\manix\QuoteMeApp\QuoteMeApp\.venv\Lib\site-packages\passlib\handlers\bcrypt.py", line 620, in _load_backend_mixin
    version = _bcrypt.__about__.__version__
              ^^^^^^^^^^^^^^^^^
AttributeError: module 'bcrypt' has no attribute '__about__'
2026-04-20 22:39:22,295 [ERROR] Password verification failed: password cannot be longer than 72 bytes, truncate manually if necessary (e.g. my_password[:72])
2026-04-20 22:39:38,041 [WARNING] (trapped) error reading bcrypt version
Traceback (most recent call last):
  File "c:\Users\manix\QuoteMeApp\QuoteMeApp\.venv\Lib\site-packages\passlib\handlers\bcrypt.py", line 620, in _load_backend_mixin
    version = _bcrypt.__about__.__version__
              ^^^^^^^^^^^^^^^^^
AttributeError: module 'bcrypt' has no attribute '__about__'
2026-04-20 22:39:38,050 [ERROR] Password verification failed: password cannot be longer than 72 bytes, truncate manually if necessary (e.g. my_password[:72])
2026-04-20 22:40:08,905 [WARNING] (trapped) error reading bcrypt version
Traceback (most recent call last):
  File "C:\Users\manix\QuoteMeApp\QuoteMeApp\.venv\Lib\site-packages\passlib\handlers\bcrypt.py", line 620, in _load_backend_mixin
    version = _bcrypt.__about__.__version__
              ^^^^^^^^^^^^^^^^^
AttributeError: module 'bcrypt' has no attribute '__about__'
2026-04-20 22:40:08,910 [ERROR] Error creating admin: password cannot be longer than 72 bytes, truncate manually if necessary (e.g. my_password[:72])
2026-04-21 05:51:01,576 [INFO] Quote ID 2 deleted by admin Ruvarashe
2026-04-21 05:51:04,706 [INFO] Quote ID 1 deleted by admin Ruvarashe
2026-04-21 05:51:34,549 [INFO] Quote added by admin: Ruvarashe
2026-04-21 05:51:44,212 [INFO] Quote ID 4 deleted by admin Ruvarashe
2026-04-21 05:52:05,687 [INFO] Quote added by admin: Ruvarashe
2026-04-21 05:52:27,982 [INFO] Quote added by admin: Ruvarashe
2026-04-21 05:52:57,908 [INFO] Quote added by admin: Ruvarashe
2026-04-21 05:53:23,325 [INFO] Story added by admin: Ruvarashe
2026-04-21 05:53:58,250 [INFO] Story ID 3 deleted by admin Ruvarashe
2026-04-21 05:54:03,036 [INFO] Story ID 4 deleted by admin Ruvarashe
2026-04-21 18:49:35,982 [INFO] HTTP Request: HEAD https://huggingface.co/unitary/toxic-bert/resolve/main/config.json "HTTP/1.1 307 Temporary Redirect"
2026-04-21 18:49:35,999 [INFO] HTTP Request: HEAD https://huggingface.co/api/resolve-cache/models/unitary/toxic-bert/4d6c22e74ba2fdd26bc4f7238f50766b045a0d94/config.json "HTTP/1.1 200 OK"
2026-04-21 18:49:36,019 [INFO] HTTP Request: GET https://huggingface.co/api/resolve-cache/models/unitary/toxic-bert/4d6c22e74ba2fdd26bc4f7238f50766b045a0d94/config.json "HTTP/1.1 200 OK"
2026-04-21 18:49:36,211 [INFO] HTTP Request: HEAD https://huggingface.co/unitary/toxic-bert/resolve/main/model.safetensors "HTTP/1.1 302 Found"
2026-04-21 18:49:36,389 [INFO] HTTP Request: GET https://huggingface.co/api/models/unitary/toxic-bert/xet-read-token/4d6c22e74ba2fdd26bc4f7238f50766b045a0d94 "HTTP/1.1 200 OK"
2026-04-21 18:49:43,919 [INFO] HTTP Request: HEAD https://huggingface.co/unitary/toxic-bert/resolve/main/tokenizer_config.json "HTTP/1.1 307 Temporary Redirect"
2026-04-21 18:49:43,920 [WARNING] Warning: You are sending unauthenticated requests to the HF Hub. Please set a HF_TOKEN to enable higher rate limits and faster downloads.
2026-04-21 18:49:43,936 [INFO] HTTP Request: HEAD https://huggingface.co/api/resolve-cache/models/unitary/toxic-bert/4d6c22e74ba2fdd26bc4f7238f50766b045a0d94/tokenizer_config.json "HTTP/1.1 200 OK"
2026-04-21 18:49:43,956 [INFO] HTTP Request: GET https://huggingface.co/api/resolve-cache/models/unitary/toxic-bert/4d6c22e74ba2fdd26bc4f7238f50766b045a0d94/tokenizer_config.json "HTTP/1.1 200 OK"
2026-04-21 18:49:44,103 [INFO] HTTP Request: GET https://huggingface.co/api/models/unitary/toxic-bert/tree/main/additional_chat_templates?recursive=false&expand=false "HTTP/1.1 404 Not Found"
2026-04-21 18:49:44,239 [INFO] HTTP Request: GET https://huggingface.co/api/models/unitary/toxic-bert/tree/main?recursive=true&expand=false "HTTP/1.1 200 OK"
2026-04-21 18:49:44,376 [INFO] HTTP Request: HEAD https://huggingface.co/unitary/toxic-bert/resolve/main/vocab.txt "HTTP/1.1 307 Temporary Redirect"
2026-04-21 18:49:44,394 [INFO] HTTP Request: HEAD https://huggingface.co/api/resolve-cache/models/unitary/toxic-bert/4d6c22e74ba2fdd26bc4f7238f50766b045a0d94/vocab.txt "HTTP/1.1 200 OK"
2026-04-21 18:49:44,414 [INFO] HTTP Request: GET https://huggingface.co/api/resolve-cache/models/unitary/toxic-bert/4d6c22e74ba2fdd26bc4f7238f50766b045a0d94/vocab.txt "HTTP/1.1 200 OK"
2026-04-21 18:49:44,569 [INFO] HTTP Request: HEAD https://huggingface.co/unitary/toxic-bert/resolve/main/tokenizer.json "HTTP/1.1 404 Not Found"
2026-04-21 18:49:44,709 [INFO] HTTP Request: HEAD https://huggingface.co/unitary/toxic-bert/resolve/main/added_tokens.json "HTTP/1.1 404 Not Found"
2026-04-21 18:49:44,848 [INFO] HTTP Request: HEAD https://huggingface.co/unitary/toxic-bert/resolve/main/special_tokens_map.json "HTTP/1.1 307 Temporary Redirect"
2026-04-21 18:49:44,866 [INFO] HTTP Request: HEAD https://huggingface.co/api/resolve-cache/models/unitary/toxic-bert/4d6c22e74ba2fdd26bc4f7238f50766b045a0d94/special_tokens_map.json "HTTP/1.1 200 OK"
2026-04-21 18:49:44,884 [INFO] HTTP Request: GET https://huggingface.co/api/resolve-cache/models/unitary/toxic-bert/4d6c22e74ba2fdd26bc4f7238f50766b045a0d94/special_tokens_map.json "HTTP/1.1 200 OK"
2026-04-21 18:49:45,024 [INFO] HTTP Request: HEAD https://huggingface.co/unitary/toxic-bert/resolve/main/chat_template.jinja "HTTP/1.1 404 Not Found"
2026-04-21 19:00:20,690 [INFO] Comment ID 2 deleted by admin Ruvarashe
2026-04-21 19:00:34,024 [INFO] Comment ID 1 deleted by admin Ruvarashe
